<?xml version="1.0" encoding="UTF-8"?>
<!-- Generated by org.testng.reporters.JUnitXMLReporter -->
<testsuite ignored="3" hostname="DESKTOP-EM6K5D9" failures="0" tests="1" name="Default test" time="2.945" errors="0" timestamp="2021-09-23T01:53:04 IST">
  <testcase classname="TC_01" name="getUser" time="2.88"/>
  <testcase classname="TC_01" name="updateUser" time="0.0">
    <ignored/>
  </testcase> <!-- updateUser -->
  <testcase classname="TC_01" name="deleteUser" time="0.0">
    <ignored/>
  </testcase> <!-- deleteUser -->
  <testcase classname="TC_01" name="createUser" time="0.0">
    <ignored/>
  </testcase> <!-- createUser -->
</testsuite> <!-- Default test -->
